<?xml version="1.0" encoding="UTF-8"?>
<!-- Generated by org.testng.reporters.JUnitXMLReporter -->
<testsuite ignored="2" hostname="beast" failures="0" tests="2" name="Admin login" time="13.302" errors="0" timestamp="2025-06-18T20:49:04 IST">
  <testcase classname="orangehrm.testscases.AdminLogin" name="checkAdminLogin" time="2.775"/>
  <testcase classname="orangehrm.testscases.Add_Employee" name="TestAddEmployee" time="5.166"/>
  <testcase classname="utils.AppUtils" name="@AfterTest logoutOnce" time="0.0">
    <ignored/>
  </testcase> <!-- @AfterTest logoutOnce -->
  <testcase classname="utils.AppUtils" name="@BeforeTest launchApp" time="0.0">
    <ignored/>
  </testcase> <!-- @BeforeTest launchApp -->
</testsuite> <!-- Admin login -->
